[16:24:29] [ServerMain/INFO]: Building unoptimized datafixer
[16:24:30] [ServerMain/INFO]: Environment: authHost='https://authserver.mojang.com', accountsHost='https://api.mojang.com', sessionHost='https://sessionserver.mojang.com', servicesHost='https://api.minecraftservices.com', name='PROD'
[16:24:31] [ServerMain/INFO]: Loaded 7 recipes
[16:24:31] [Server thread/INFO]: Starting minecraft server version 1.19.2
[16:24:31] [Server thread/INFO]: Loading properties
[16:24:31] [Server thread/INFO]: This server is running CraftBukkit version 3610-Spigot-6198b5a-19df23a (MC: 1.19.2) (Implementing API version 1.19.2-R0.1-SNAPSHOT)
[16:24:31] [Server thread/INFO]: Debug logging is disabled
[16:24:31] [Server thread/INFO]: Server Ping Player Sample Count: 12
[16:24:31] [Server thread/INFO]: Using 4 threads for Netty based IO
[16:24:31] [Server thread/INFO]: Default game type: SURVIVAL
[16:24:31] [Server thread/INFO]: Generating keypair
[16:24:31] [Server thread/INFO]: Starting Minecraft server on localhost:25567
[16:24:31] [Server thread/INFO]: Using default channel type
[16:24:32] [Server thread/WARN]: **** SERVER IS RUNNING IN OFFLINE/INSECURE MODE!
[16:24:32] [Server thread/WARN]: The server will make no attempt to authenticate usernames. Beware.
[16:24:32] [Server thread/WARN]: Whilst this makes it possible to use BungeeCord, unless access to your server is properly restricted, it also opens up the ability for hackers to connect with any username they choose.
[16:24:32] [Server thread/WARN]: Please see http://www.spigotmc.org/wiki/firewall-guide/ for further information.
[16:24:32] [Server thread/WARN]: To change this, set "online-mode" to "true" in the server.properties file.
[16:24:32] [Server thread/INFO]: Preparing level "world"
[16:24:32] [Server thread/INFO]: -------- World Settings For [world] --------
[16:24:32] [Server thread/INFO]: Zombie Aggressive Towards Villager: true
[16:24:32] [Server thread/INFO]: Allow Zombie Pigmen to spawn from portal blocks: true
[16:24:32] [Server thread/INFO]: Item Merge Radius: 2.5
[16:24:32] [Server thread/INFO]: Mob Spawn Range: 6
[16:24:32] [Server thread/INFO]: Cactus Growth Modifier: 100%
[16:24:32] [Server thread/INFO]: Cane Growth Modifier: 100%
[16:24:32] [Server thread/INFO]: Melon Growth Modifier: 100%
[16:24:32] [Server thread/INFO]: Mushroom Growth Modifier: 100%
[16:24:32] [Server thread/INFO]: Pumpkin Growth Modifier: 100%
[16:24:32] [Server thread/INFO]: Sapling Growth Modifier: 100%
[16:24:32] [Server thread/INFO]: Beetroot Growth Modifier: 100%
[16:24:32] [Server thread/INFO]: Carrot Growth Modifier: 100%
[16:24:32] [Server thread/INFO]: Potato Growth Modifier: 100%
[16:24:32] [Server thread/INFO]: Wheat Growth Modifier: 100%
[16:24:32] [Server thread/INFO]: NetherWart Growth Modifier: 100%
[16:24:32] [Server thread/INFO]: Vine Growth Modifier: 100%
[16:24:32] [Server thread/INFO]: Cocoa Growth Modifier: 100%
[16:24:32] [Server thread/INFO]: Bamboo Growth Modifier: 100%
[16:24:32] [Server thread/INFO]: SweetBerry Growth Modifier: 100%
[16:24:32] [Server thread/INFO]: Kelp Growth Modifier: 100%
[16:24:32] [Server thread/INFO]: TwistingVines Growth Modifier: 100%
[16:24:32] [Server thread/INFO]: WeepingVines Growth Modifier: 100%
[16:24:32] [Server thread/INFO]: CaveVines Growth Modifier: 100%
[16:24:32] [Server thread/INFO]: Entity Activation Range: An 32 / Mo 32 / Ra 48 / Mi 16 / Tiv true / Isa false
[16:24:32] [Server thread/INFO]: Entity Tracking Range: Pl 48 / An 48 / Mo 48 / Mi 32 / Other 64
[16:24:32] [Server thread/INFO]: Custom Map Seeds:  Village: 10387312 Desert: 14357617 Igloo: 14357618 Jungle: 14357619 Swamp: 14357620 Monument: 10387313 Ocean: 14357621 Shipwreck: 165745295 End City: 10387313 Slime: 987234911 Nether: 30084232 Mansion: 10387319 Fossil: 14357921 Portal: 34222645
[16:24:32] [Server thread/INFO]: Max TNT Explosions: 100
[16:24:32] [Server thread/INFO]: Tile Max Tick Time: 50ms Entity max Tick Time: 50ms
[16:24:32] [Server thread/INFO]: Nerfing mobs spawned from spawners: false
[16:24:32] [Server thread/INFO]: Arrow Despawn Rate: 1200 Trident Respawn Rate:1200
[16:24:32] [Server thread/INFO]: Item Despawn Rate: 6000
[16:24:32] [Server thread/INFO]: View Distance: 10
[16:24:32] [Server thread/INFO]: Simulation Distance: 10
[16:24:32] [Server thread/INFO]: Hopper Transfer: 8 Hopper Check: 1 Hopper Amount: 1 Hopper Can Load Chunks: false
[16:24:32] [Server thread/INFO]: Experience Merge Radius: 3.0
[16:24:32] [Server thread/INFO]: -------- World Settings For [world_nether] --------
[16:24:32] [Server thread/INFO]: Zombie Aggressive Towards Villager: true
[16:24:32] [Server thread/INFO]: Allow Zombie Pigmen to spawn from portal blocks: true
[16:24:32] [Server thread/INFO]: Item Merge Radius: 2.5
[16:24:32] [Server thread/INFO]: Mob Spawn Range: 6
[16:24:32] [Server thread/INFO]: Cactus Growth Modifier: 100%
[16:24:32] [Server thread/INFO]: Cane Growth Modifier: 100%
[16:24:32] [Server thread/INFO]: Melon Growth Modifier: 100%
[16:24:32] [Server thread/INFO]: Mushroom Growth Modifier: 100%
[16:24:32] [Server thread/INFO]: Pumpkin Growth Modifier: 100%
[16:24:32] [Server thread/INFO]: Sapling Growth Modifier: 100%
[16:24:32] [Server thread/INFO]: Beetroot Growth Modifier: 100%
[16:24:32] [Server thread/INFO]: Carrot Growth Modifier: 100%
[16:24:32] [Server thread/INFO]: Potato Growth Modifier: 100%
[16:24:32] [Server thread/INFO]: Wheat Growth Modifier: 100%
[16:24:32] [Server thread/INFO]: NetherWart Growth Modifier: 100%
[16:24:32] [Server thread/INFO]: Vine Growth Modifier: 100%
[16:24:32] [Server thread/INFO]: Cocoa Growth Modifier: 100%
[16:24:32] [Server thread/INFO]: Bamboo Growth Modifier: 100%
[16:24:32] [Server thread/INFO]: SweetBerry Growth Modifier: 100%
[16:24:32] [Server thread/INFO]: Kelp Growth Modifier: 100%
[16:24:32] [Server thread/INFO]: TwistingVines Growth Modifier: 100%
[16:24:32] [Server thread/INFO]: WeepingVines Growth Modifier: 100%
[16:24:32] [Server thread/INFO]: CaveVines Growth Modifier: 100%
[16:24:32] [Server thread/INFO]: Entity Activation Range: An 32 / Mo 32 / Ra 48 / Mi 16 / Tiv true / Isa false
[16:24:32] [Server thread/INFO]: Entity Tracking Range: Pl 48 / An 48 / Mo 48 / Mi 32 / Other 64
[16:24:32] [Server thread/INFO]: Custom Map Seeds:  Village: 10387312 Desert: 14357617 Igloo: 14357618 Jungle: 14357619 Swamp: 14357620 Monument: 10387313 Ocean: 14357621 Shipwreck: 165745295 End City: 10387313 Slime: 987234911 Nether: 30084232 Mansion: 10387319 Fossil: 14357921 Portal: 34222645
[16:24:32] [Server thread/INFO]: Max TNT Explosions: 100
[16:24:32] [Server thread/INFO]: Tile Max Tick Time: 50ms Entity max Tick Time: 50ms
[16:24:32] [Server thread/INFO]: Nerfing mobs spawned from spawners: false
[16:24:32] [Server thread/INFO]: Arrow Despawn Rate: 1200 Trident Respawn Rate:1200
[16:24:32] [Server thread/INFO]: Item Despawn Rate: 6000
[16:24:32] [Server thread/INFO]: View Distance: 10
[16:24:32] [Server thread/INFO]: Simulation Distance: 10
[16:24:32] [Server thread/INFO]: Hopper Transfer: 8 Hopper Check: 1 Hopper Amount: 1 Hopper Can Load Chunks: false
[16:24:32] [Server thread/INFO]: Experience Merge Radius: 3.0
[16:24:32] [Server thread/INFO]: -------- World Settings For [world_the_end] --------
[16:24:32] [Server thread/INFO]: Zombie Aggressive Towards Villager: true
[16:24:32] [Server thread/INFO]: Allow Zombie Pigmen to spawn from portal blocks: true
[16:24:32] [Server thread/INFO]: Item Merge Radius: 2.5
[16:24:32] [Server thread/INFO]: Mob Spawn Range: 6
[16:24:32] [Server thread/INFO]: Cactus Growth Modifier: 100%
[16:24:32] [Server thread/INFO]: Cane Growth Modifier: 100%
[16:24:32] [Server thread/INFO]: Melon Growth Modifier: 100%
[16:24:32] [Server thread/INFO]: Mushroom Growth Modifier: 100%
[16:24:32] [Server thread/INFO]: Pumpkin Growth Modifier: 100%
[16:24:32] [Server thread/INFO]: Sapling Growth Modifier: 100%
[16:24:32] [Server thread/INFO]: Beetroot Growth Modifier: 100%
[16:24:32] [Server thread/INFO]: Carrot Growth Modifier: 100%
[16:24:32] [Server thread/INFO]: Potato Growth Modifier: 100%
[16:24:32] [Server thread/INFO]: Wheat Growth Modifier: 100%
[16:24:32] [Server thread/INFO]: NetherWart Growth Modifier: 100%
[16:24:32] [Server thread/INFO]: Vine Growth Modifier: 100%
[16:24:32] [Server thread/INFO]: Cocoa Growth Modifier: 100%
[16:24:32] [Server thread/INFO]: Bamboo Growth Modifier: 100%
[16:24:32] [Server thread/INFO]: SweetBerry Growth Modifier: 100%
[16:24:32] [Server thread/INFO]: Kelp Growth Modifier: 100%
[16:24:32] [Server thread/INFO]: TwistingVines Growth Modifier: 100%
[16:24:32] [Server thread/INFO]: WeepingVines Growth Modifier: 100%
[16:24:32] [Server thread/INFO]: CaveVines Growth Modifier: 100%
[16:24:32] [Server thread/INFO]: Entity Activation Range: An 32 / Mo 32 / Ra 48 / Mi 16 / Tiv true / Isa false
[16:24:32] [Server thread/INFO]: Entity Tracking Range: Pl 48 / An 48 / Mo 48 / Mi 32 / Other 64
[16:24:32] [Server thread/INFO]: Custom Map Seeds:  Village: 10387312 Desert: 14357617 Igloo: 14357618 Jungle: 14357619 Swamp: 14357620 Monument: 10387313 Ocean: 14357621 Shipwreck: 165745295 End City: 10387313 Slime: 987234911 Nether: 30084232 Mansion: 10387319 Fossil: 14357921 Portal: 34222645
[16:24:32] [Server thread/INFO]: Max TNT Explosions: 100
[16:24:32] [Server thread/INFO]: Tile Max Tick Time: 50ms Entity max Tick Time: 50ms
[16:24:32] [Server thread/INFO]: Nerfing mobs spawned from spawners: false
[16:24:32] [Server thread/INFO]: Arrow Despawn Rate: 1200 Trident Respawn Rate:1200
[16:24:32] [Server thread/INFO]: Item Despawn Rate: 6000
[16:24:32] [Server thread/INFO]: View Distance: 10
[16:24:32] [Server thread/INFO]: Simulation Distance: 10
[16:24:32] [Server thread/INFO]: Hopper Transfer: 8 Hopper Check: 1 Hopper Amount: 1 Hopper Can Load Chunks: false
[16:24:32] [Server thread/INFO]: Experience Merge Radius: 3.0
[16:24:32] [Server thread/INFO]: Preparing start region for dimension minecraft:overworld
[16:24:33] [Worker-Main-4/INFO]: Preparing spawn area: 0%
[16:24:33] [Worker-Main-2/INFO]: Preparing spawn area: 0%
[16:24:33] [Worker-Main-3/INFO]: Preparing spawn area: 0%
[16:24:33] [Worker-Main-3/INFO]: Preparing spawn area: 0%
[16:24:34] [Worker-Main-3/INFO]: Preparing spawn area: 0%
[16:24:34] [Worker-Main-6/INFO]: Preparing spawn area: 0%
[16:24:35] [Server thread/INFO]: Time elapsed: 3016 ms
[16:24:35] [Server thread/INFO]: Preparing start region for dimension minecraft:the_nether
[16:24:36] [Worker-Main-2/INFO]: Preparing spawn area: 0%
[16:24:36] [Worker-Main-5/INFO]: Preparing spawn area: 0%
[16:24:36] [Worker-Main-6/INFO]: Preparing spawn area: 0%
[16:24:36] [Worker-Main-4/INFO]: Preparing spawn area: 5%
[16:24:37] [Server thread/INFO]: Time elapsed: 1826 ms
[16:24:37] [Server thread/INFO]: Preparing start region for dimension minecraft:the_end
[16:24:38] [Worker-Main-6/INFO]: Preparing spawn area: 0%
[16:24:38] [Worker-Main-6/INFO]: Preparing spawn area: 0%
[16:24:38] [Worker-Main-2/INFO]: Preparing spawn area: 0%
[16:24:38] [Worker-Main-3/INFO]: Preparing spawn area: 69%
[16:24:38] [Server thread/INFO]: Time elapsed: 1688 ms
[16:24:38] [Server thread/INFO]: Server permissions file permissions.yml is empty, ignoring it
[16:24:38] [Server thread/INFO]: Done (6.928s)! For help, type "help"
[16:25:05] [User Authenticator #1/INFO]: UUID of player __sx is 22d05056-7940-41f2-b6e4-b1ed165ceaa0
[16:25:05] [Server thread/INFO]: __sx joined the game
[16:25:06] [Server thread/INFO]: __sx[/127.0.0.1:50860] logged in with entity id 97 at ([world]-130.08300857239837, 63.0, -42.911850471315354)
[16:25:15] [User Authenticator #2/INFO]: UUID of player WaggoLeDogo is e6e99b26-02ea-414d-bf71-ef6b85775f62
[16:25:15] [Server thread/INFO]: WaggoLeDogo joined the game
[16:25:15] [Server thread/INFO]: WaggoLeDogo[/127.0.0.1:50861] logged in with entity id 209 at ([world]-5.5, 63.0, 9.5)
[16:25:38] [Server thread/INFO]: WaggoLeDogo lost connection: Disconnected
[16:25:38] [Server thread/INFO]: WaggoLeDogo left the game
[16:25:40] [Server thread/INFO]: __sx lost connection: Disconnected
[16:25:40] [Server thread/INFO]: __sx left the game
[16:25:47] [Server thread/INFO]: CONSOLE: [0;31;1mPlease note that this command is not supported and may cause issues when using some plugins.[m
[16:25:47] [Server thread/INFO]: CONSOLE: [0;31;1mIf you encounter any issues please use the /stop command to restart your server.[m
[16:25:47] [Server thread/INFO]: Debug logging is disabled
[16:25:47] [Server thread/INFO]: Server Ping Player Sample Count: 12
[16:25:47] [Server thread/INFO]: Using 4 threads for Netty based IO
[16:25:47] [Server thread/INFO]: -------- World Settings For [world] --------
[16:25:47] [Server thread/INFO]: Zombie Aggressive Towards Villager: true
[16:25:47] [Server thread/INFO]: Allow Zombie Pigmen to spawn from portal blocks: true
[16:25:47] [Server thread/INFO]: Item Merge Radius: 2.5
[16:25:47] [Server thread/INFO]: Mob Spawn Range: 6
[16:25:47] [Server thread/INFO]: Cactus Growth Modifier: 100%
[16:25:47] [Server thread/INFO]: Cane Growth Modifier: 100%
[16:25:47] [Server thread/INFO]: Melon Growth Modifier: 100%
[16:25:47] [Server thread/INFO]: Mushroom Growth Modifier: 100%
[16:25:47] [Server thread/INFO]: Pumpkin Growth Modifier: 100%
[16:25:47] [Server thread/INFO]: Sapling Growth Modifier: 100%
[16:25:47] [Server thread/INFO]: Beetroot Growth Modifier: 100%
[16:25:47] [Server thread/INFO]: Carrot Growth Modifier: 100%
[16:25:47] [Server thread/INFO]: Potato Growth Modifier: 100%
[16:25:47] [Server thread/INFO]: Wheat Growth Modifier: 100%
[16:25:47] [Server thread/INFO]: NetherWart Growth Modifier: 100%
[16:25:47] [Server thread/INFO]: Vine Growth Modifier: 100%
[16:25:47] [Server thread/INFO]: Cocoa Growth Modifier: 100%
[16:25:47] [Server thread/INFO]: Bamboo Growth Modifier: 100%
[16:25:47] [Server thread/INFO]: SweetBerry Growth Modifier: 100%
[16:25:47] [Server thread/INFO]: Kelp Growth Modifier: 100%
[16:25:47] [Server thread/INFO]: TwistingVines Growth Modifier: 100%
[16:25:47] [Server thread/INFO]: WeepingVines Growth Modifier: 100%
[16:25:47] [Server thread/INFO]: CaveVines Growth Modifier: 100%
[16:25:47] [Server thread/INFO]: Entity Activation Range: An 32 / Mo 32 / Ra 48 / Mi 16 / Tiv true / Isa false
[16:25:47] [Server thread/INFO]: Entity Tracking Range: Pl 48 / An 48 / Mo 48 / Mi 32 / Other 64
[16:25:47] [Server thread/INFO]: Custom Map Seeds:  Village: 10387312 Desert: 14357617 Igloo: 14357618 Jungle: 14357619 Swamp: 14357620 Monument: 10387313 Ocean: 14357621 Shipwreck: 165745295 End City: 10387313 Slime: 987234911 Nether: 30084232 Mansion: 10387319 Fossil: 14357921 Portal: 34222645
[16:25:47] [Server thread/INFO]: Max TNT Explosions: 100
[16:25:47] [Server thread/INFO]: Tile Max Tick Time: 50ms Entity max Tick Time: 50ms
[16:25:47] [Server thread/INFO]: Nerfing mobs spawned from spawners: false
[16:25:47] [Server thread/INFO]: Arrow Despawn Rate: 1200 Trident Respawn Rate:1200
[16:25:47] [Server thread/INFO]: Item Despawn Rate: 6000
[16:25:47] [Server thread/INFO]: View Distance: 10
[16:25:47] [Server thread/INFO]: Simulation Distance: 10
[16:25:47] [Server thread/INFO]: Hopper Transfer: 8 Hopper Check: 1 Hopper Amount: 1 Hopper Can Load Chunks: false
[16:25:47] [Server thread/INFO]: Experience Merge Radius: 3.0
[16:25:47] [Server thread/INFO]: -------- World Settings For [world_nether] --------
[16:25:47] [Server thread/INFO]: Zombie Aggressive Towards Villager: true
[16:25:47] [Server thread/INFO]: Allow Zombie Pigmen to spawn from portal blocks: true
[16:25:47] [Server thread/INFO]: Item Merge Radius: 2.5
[16:25:47] [Server thread/INFO]: Mob Spawn Range: 6
[16:25:47] [Server thread/INFO]: Cactus Growth Modifier: 100%
[16:25:47] [Server thread/INFO]: Cane Growth Modifier: 100%
[16:25:47] [Server thread/INFO]: Melon Growth Modifier: 100%
[16:25:47] [Server thread/INFO]: Mushroom Growth Modifier: 100%
[16:25:47] [Server thread/INFO]: Pumpkin Growth Modifier: 100%
[16:25:47] [Server thread/INFO]: Sapling Growth Modifier: 100%
[16:25:47] [Server thread/INFO]: Beetroot Growth Modifier: 100%
[16:25:47] [Server thread/INFO]: Carrot Growth Modifier: 100%
[16:25:47] [Server thread/INFO]: Potato Growth Modifier: 100%
[16:25:47] [Server thread/INFO]: Wheat Growth Modifier: 100%
[16:25:47] [Server thread/INFO]: NetherWart Growth Modifier: 100%
[16:25:47] [Server thread/INFO]: Vine Growth Modifier: 100%
[16:25:47] [Server thread/INFO]: Cocoa Growth Modifier: 100%
[16:25:47] [Server thread/INFO]: Bamboo Growth Modifier: 100%
[16:25:47] [Server thread/INFO]: SweetBerry Growth Modifier: 100%
[16:25:47] [Server thread/INFO]: Kelp Growth Modifier: 100%
[16:25:47] [Server thread/INFO]: TwistingVines Growth Modifier: 100%
[16:25:47] [Server thread/INFO]: WeepingVines Growth Modifier: 100%
[16:25:47] [Server thread/INFO]: CaveVines Growth Modifier: 100%
[16:25:47] [Server thread/INFO]: Entity Activation Range: An 32 / Mo 32 / Ra 48 / Mi 16 / Tiv true / Isa false
[16:25:47] [Server thread/INFO]: Entity Tracking Range: Pl 48 / An 48 / Mo 48 / Mi 32 / Other 64
[16:25:47] [Server thread/INFO]: Custom Map Seeds:  Village: 10387312 Desert: 14357617 Igloo: 14357618 Jungle: 14357619 Swamp: 14357620 Monument: 10387313 Ocean: 14357621 Shipwreck: 165745295 End City: 10387313 Slime: 987234911 Nether: 30084232 Mansion: 10387319 Fossil: 14357921 Portal: 34222645
[16:25:47] [Server thread/INFO]: Max TNT Explosions: 100
[16:25:47] [Server thread/INFO]: Tile Max Tick Time: 50ms Entity max Tick Time: 50ms
[16:25:47] [Server thread/INFO]: Nerfing mobs spawned from spawners: false
[16:25:47] [Server thread/INFO]: Arrow Despawn Rate: 1200 Trident Respawn Rate:1200
[16:25:47] [Server thread/INFO]: Item Despawn Rate: 6000
[16:25:47] [Server thread/INFO]: View Distance: 10
[16:25:47] [Server thread/INFO]: Simulation Distance: 10
[16:25:47] [Server thread/INFO]: Hopper Transfer: 8 Hopper Check: 1 Hopper Amount: 1 Hopper Can Load Chunks: false
[16:25:47] [Server thread/INFO]: Experience Merge Radius: 3.0
[16:25:47] [Server thread/INFO]: -------- World Settings For [world_the_end] --------
[16:25:47] [Server thread/INFO]: Zombie Aggressive Towards Villager: true
[16:25:47] [Server thread/INFO]: Allow Zombie Pigmen to spawn from portal blocks: true
[16:25:47] [Server thread/INFO]: Item Merge Radius: 2.5
[16:25:47] [Server thread/INFO]: Mob Spawn Range: 6
[16:25:47] [Server thread/INFO]: Cactus Growth Modifier: 100%
[16:25:47] [Server thread/INFO]: Cane Growth Modifier: 100%
[16:25:47] [Server thread/INFO]: Melon Growth Modifier: 100%
[16:25:47] [Server thread/INFO]: Mushroom Growth Modifier: 100%
[16:25:47] [Server thread/INFO]: Pumpkin Growth Modifier: 100%
[16:25:47] [Server thread/INFO]: Sapling Growth Modifier: 100%
[16:25:47] [Server thread/INFO]: Beetroot Growth Modifier: 100%
[16:25:47] [Server thread/INFO]: Carrot Growth Modifier: 100%
[16:25:47] [Server thread/INFO]: Potato Growth Modifier: 100%
[16:25:47] [Server thread/INFO]: Wheat Growth Modifier: 100%
[16:25:47] [Server thread/INFO]: NetherWart Growth Modifier: 100%
[16:25:47] [Server thread/INFO]: Vine Growth Modifier: 100%
[16:25:47] [Server thread/INFO]: Cocoa Growth Modifier: 100%
[16:25:47] [Server thread/INFO]: Bamboo Growth Modifier: 100%
[16:25:47] [Server thread/INFO]: SweetBerry Growth Modifier: 100%
[16:25:47] [Server thread/INFO]: Kelp Growth Modifier: 100%
[16:25:47] [Server thread/INFO]: TwistingVines Growth Modifier: 100%
[16:25:47] [Server thread/INFO]: WeepingVines Growth Modifier: 100%
[16:25:47] [Server thread/INFO]: CaveVines Growth Modifier: 100%
[16:25:47] [Server thread/INFO]: Entity Activation Range: An 32 / Mo 32 / Ra 48 / Mi 16 / Tiv true / Isa false
[16:25:47] [Server thread/INFO]: Entity Tracking Range: Pl 48 / An 48 / Mo 48 / Mi 32 / Other 64
[16:25:47] [Server thread/INFO]: Custom Map Seeds:  Village: 10387312 Desert: 14357617 Igloo: 14357618 Jungle: 14357619 Swamp: 14357620 Monument: 10387313 Ocean: 14357621 Shipwreck: 165745295 End City: 10387313 Slime: 987234911 Nether: 30084232 Mansion: 10387319 Fossil: 14357921 Portal: 34222645
[16:25:47] [Server thread/INFO]: Max TNT Explosions: 100
[16:25:47] [Server thread/INFO]: Tile Max Tick Time: 50ms Entity max Tick Time: 50ms
[16:25:47] [Server thread/INFO]: Nerfing mobs spawned from spawners: false
[16:25:47] [Server thread/INFO]: Arrow Despawn Rate: 1200 Trident Respawn Rate:1200
[16:25:47] [Server thread/INFO]: Item Despawn Rate: 6000
[16:25:47] [Server thread/INFO]: View Distance: 10
[16:25:47] [Server thread/INFO]: Simulation Distance: 10
[16:25:47] [Server thread/INFO]: Hopper Transfer: 8 Hopper Check: 1 Hopper Amount: 1 Hopper Can Load Chunks: false
[16:25:47] [Server thread/INFO]: Experience Merge Radius: 3.0
[16:25:47] [Server thread/INFO]: Loaded 7 recipes
[16:25:47] [Server thread/INFO]: Server permissions file permissions.yml is empty, ignoring it
[16:25:47] [Server thread/INFO]: CONSOLE: [0;32;1mReload complete.[m
[16:26:04] [User Authenticator #3/INFO]: UUID of player __sx is 22d05056-7940-41f2-b6e4-b1ed165ceaa0
[16:26:04] [Server thread/INFO]: __sx joined the game
[16:26:04] [Server thread/INFO]: __sx[/127.0.0.1:50891] logged in with entity id 313 at ([world]-130.08300857239837, 63.0, -42.911850471315354)
[16:26:06] [User Authenticator #4/INFO]: UUID of player WaggoLeDogo is e6e99b26-02ea-414d-bf71-ef6b85775f62
[16:26:06] [Server thread/INFO]: WaggoLeDogo joined the game
[16:26:06] [Server thread/INFO]: WaggoLeDogo[/127.0.0.1:50892] logged in with entity id 403 at ([world]-0.761021020424108, 63.0, 21.65944240944146)
[16:26:24] [Server thread/INFO]: WaggoLeDogo lost connection: Disconnected
[16:26:24] [Server thread/INFO]: WaggoLeDogo left the game
[16:27:32] [Server thread/INFO]: __sx lost connection: Disconnected
[16:27:32] [Server thread/INFO]: __sx left the game
[16:27:43] [Server thread/INFO]: Stopping the server
[16:27:43] [Server thread/INFO]: Stopping server
[16:27:43] [Server thread/INFO]: Saving players
[16:27:43] [Server thread/INFO]: Saving worlds
[16:27:45] [Server thread/INFO]: Saving chunks for level 'ServerLevel[world]'/minecraft:overworld
[16:27:45] [Server thread/INFO]: Saving chunks for level 'ServerLevel[world_nether]'/minecraft:the_nether
[16:27:45] [Server thread/INFO]: Saving chunks for level 'ServerLevel[world_the_end]'/minecraft:the_end
[16:27:45] [Server thread/INFO]: ThreadedAnvilChunkStorage (world): All chunks are saved
[16:27:45] [Server thread/INFO]: ThreadedAnvilChunkStorage (DIM-1): All chunks are saved
[16:27:45] [Server thread/INFO]: ThreadedAnvilChunkStorage (DIM1): All chunks are saved
[16:27:45] [Server thread/INFO]: ThreadedAnvilChunkStorage: All dimensions are saved
